<?xml version="1.0" encoding="UTF-8"?>
<!-- Generated by org.testng.reporters.JUnitReportReporter -->
<testsuite skipped="0" hostname="IN-IT0962" name="Runner.signupRunner" tests="1" failures="0" timestamp="24 Apr 2019 16:20:10 GMT" time="19.852" errors="0">
  <testcase name="feature" time="19.852" classname="Runner.signupRunner"/>
</testsuite> <!-- Runner.signupRunner -->
