<?xml version="1.0" encoding="UTF-8"?>
<!-- Generated by org.testng.reporters.JUnitReportReporter -->
<testsuite skipped="0" hostname="IN-IT0962" name="Runner.HotelsPageRunner" tests="1" failures="0" timestamp="28 Aug 2019 16:56:35 GMT" time="21.268" errors="0">
  <testcase name="feature" time="21.268" classname="Runner.HotelsPageRunner"/>
</testsuite> <!-- Runner.HotelsPageRunner -->
